# JRE version: OpenJDK Runtime Environment (8.0_112-b06) (build 1.8.0_112-release-b06)
# Java VM: OpenJDK 64-Bit Server VM (25.112-b06 mixed mode windows-amd64 compressed oops)
Heap:
 PSYoungGen      total 345600K, used 31325K [0x00000000e0000000, 0x00000000ff980000, 0x0000000100000000)
  eden space 175104K, 5% used [0x00000000e0000000,0x00000000e088cdd8,0x00000000eab00000)
  from space 170496K, 13% used [0x00000000eab00000,0x00000000ec10a810,0x00000000f5180000)
  to   space 167424K, 0% used [0x00000000f5600000,0x00000000f5600000,0x00000000ff980000)
 ParOldGen       total 411648K, used 232895K [0x00000000a0000000, 0x00000000b9200000, 0x00000000e0000000)
  object space 411648K, 56% used [0x00000000a0000000,0x00000000ae36fe60,0x00000000b9200000)
 Metaspace       used 73877K, capacity 76224K, committed 78848K, reserved 1118208K
  class space    used 9138K, capacity 9571K, committed 10240K, reserved 1048576K
GC Heap History (10 events):
Event: 8122.099 GC heap before
{Heap before GC invocations=55 (full 6):
 PSYoungGen      total 266752K, used 266750K [0x00000000e0000000, 0x0000000100000000, 0x0000000100000000)
  eden space 175104K, 100% used [0x00000000e0000000,0x00000000eab00000,0x00000000eab00000)
  from space 91648K, 99% used [0x00000000fa680000,0x00000000fffff8c0,0x0000000100000000)
  to   space 174592K, 0% used [0x00000000eab00000,0x00000000eab00000,0x00000000f5580000)
 ParOldGen       total 411648K, used 255440K [0x00000000a0000000, 0x00000000b9200000, 0x00000000e0000000)
  object space 411648K, 62% used [0x00000000a0000000,0x00000000af974368,0x00000000b9200000)
 Metaspace       used 73865K, capacity 76222K, committed 78848K, reserved 1118208K
  class space    used 9136K, capacity 9570K, committed 10240K, reserved 1048576K
Event: 8122.195 GC heap after
Heap after GC invocations=55 (full 6):
 PSYoungGen      total 349696K, used 25600K [0x00000000e0000000, 0x0000000100000000, 0x0000000100000000)
  eden space 175104K, 0% used [0x00000000e0000000,0x00000000e0000000,0x00000000eab00000)
  from space 174592K, 14% used [0x00000000eab00000,0x00000000ec400310,0x00000000f5580000)
  to   space 174592K, 0% used [0x00000000f5580000,0x00000000f5580000,0x0000000100000000)
 ParOldGen       total 411648K, used 346647K [0x00000000a0000000, 0x00000000b9200000, 0x00000000e0000000)
  object space 411648K, 84% used [0x00000000a0000000,0x00000000b5285f60,0x00000000b9200000)
 Metaspace       used 73865K, capacity 76222K, committed 78848K, reserved 1118208K
  class space    used 9136K, capacity 9570K, committed 10240K, reserved 1048576K
}
Event: 8122.195 GC heap before
{Heap before GC invocations=56 (full 7):
 PSYoungGen      total 349696K, used 25600K [0x00000000e0000000, 0x0000000100000000, 0x0000000100000000)
  eden space 175104K, 0% used [0x00000000e0000000,0x00000000e0000000,0x00000000eab00000)
  from space 174592K, 14% used [0x00000000eab00000,0x00000000ec400310,0x00000000f5580000)
  to   space 174592K, 0% used [0x00000000f5580000,0x00000000f5580000,0x0000000100000000)
 ParOldGen       total 411648K, used 346647K [0x00000000a0000000, 0x00000000b9200000, 0x00000000e0000000)
  object space 411648K, 84% used [0x00000000a0000000,0x00000000b5285f60,0x00000000b9200000)
 Metaspace       used 73865K, capacity 76222K, committed 78848K, reserved 1118208K
  class space    used 9136K, capacity 9570K, committed 10240K, reserved 1048576K
Event: 8123.098 GC heap after
Heap after GC invocations=56 (full 7):
 PSYoungGen      total 349696K, used 0K [0x00000000e0000000, 0x0000000100000000, 0x0000000100000000)
  eden space 175104K, 0% used [0x00000000e0000000,0x00000000e0000000,0x00000000eab00000)
  from space 174592K, 0% used [0x00000000eab00000,0x00000000eab00000,0x00000000f5580000)
  to   space 174592K, 0% used [0x00000000f5580000,0x00000000f5580000,0x0000000100000000)
 ParOldGen       total 411648K, used 350798K [0x00000000a0000000, 0x00000000b9200000, 0x00000000e0000000)
  object space 411648K, 85% used [0x00000000a0000000,0x00000000b5693bc0,0x00000000b9200000)
 Metaspace       used 73865K, capacity 76222K, committed 78848K, reserved 1118208K
  class space    used 9136K, capacity 9570K, committed 10240K, reserved 1048576K
}
Event: 8123.422 GC heap before
{Heap before GC invocations=57 (full 8):
 PSYoungGen      total 349696K, used 175104K [0x00000000e0000000, 0x0000000100000000, 0x0000000100000000)
  eden space 175104K, 100% used [0x00000000e0000000,0x00000000eab00000,0x00000000eab00000)
  from space 174592K, 0% used [0x00000000eab00000,0x00000000eab00000,0x00000000f5580000)
  to   space 174592K, 0% used [0x00000000f5580000,0x00000000f5580000,0x0000000100000000)
 ParOldGen       total 411648K, used 350798K [0x00000000a0000000, 0x00000000b9200000, 0x00000000e0000000)
  object space 411648K, 85% used [0x00000000a0000000,0x00000000b5693bc0,0x00000000b9200000)
 Metaspace       used 73865K, capacity 76222K, committed 78848K, reserved 1118208K
  class space    used 9136K, capacity 9570K, committed 10240K, reserved 1048576K
Event: 8124.175 GC heap after
Heap after GC invocations=57 (full 8):
 PSYoungGen      total 349696K, used 0K [0x00000000e0000000, 0x0000000100000000, 0x0000000100000000)
  eden space 175104K, 0% used [0x00000000e0000000,0x00000000e0000000,0x00000000eab00000)
  from space 174592K, 0% used [0x00000000eab00000,0x00000000eab00000,0x00000000f5580000)
  to   space 174592K, 0% used [0x00000000f5580000,0x00000000f5580000,0x0000000100000000)
 ParOldGen       total 411648K, used 232895K [0x00000000a0000000, 0x00000000b9200000, 0x00000000e0000000)
  object space 411648K, 56% used [0x00000000a0000000,0x00000000ae36fe60,0x00000000b9200000)
 Metaspace       used 73865K, capacity 76222K, committed 78848K, reserved 1118208K
  class space    used 9136K, capacity 9570K, committed 10240K, reserved 1048576K
}
Event: 8124.574 GC heap before
{Heap before GC invocations=58 (full 8):
 PSYoungGen      total 349696K, used 175104K [0x00000000e0000000, 0x0000000100000000, 0x0000000100000000)
  eden space 175104K, 100% used [0x00000000e0000000,0x00000000eab00000,0x00000000eab00000)
  from space 174592K, 0% used [0x00000000eab00000,0x00000000eab00000,0x00000000f5580000)
  to   space 174592K, 0% used [0x00000000f5580000,0x00000000f5580000,0x0000000100000000)
 ParOldGen       total 411648K, used 232895K [0x00000000a0000000, 0x00000000b9200000, 0x00000000e0000000)
  object space 411648K, 56% used [0x00000000a0000000,0x00000000ae36fe60,0x00000000b9200000)
 Metaspace       used 73866K, capacity 76222K, committed 78848K, reserved 1118208K
  class space    used 9137K, capacity 9570K, committed 10240K, reserved 1048576K
Event: 8124.617 GC heap after
Heap after GC invocations=58 (full 8):
 PSYoungGen      total 341504K, used 80800K [0x00000000e0000000, 0x00000000ff800000, 0x0000000100000000)
  eden space 175104K, 0% used [0x00000000e0000000,0x00000000e0000000,0x00000000eab00000)
  from space 166400K, 48% used [0x00000000f5580000,0x00000000fa4682d8,0x00000000ff800000)
  to   space 170496K, 0% used [0x00000000eab00000,0x00000000eab00000,0x00000000f5180000)
 ParOldGen       total 411648K, used 232895K [0x00000000a0000000, 0x00000000b9200000, 0x00000000e0000000)
  object space 411648K, 56% used [0x00000000a0000000,0x00000000ae36fe60,0x00000000b9200000)
 Metaspace       used 73866K, capacity 76222K, committed 78848K, reserved 1118208K
  class space    used 9137K, capacity 9570K, committed 10240K, reserved 1048576K
}
Event: 8125.352 GC heap before
{Heap before GC invocations=59 (full 8):
 PSYoungGen      total 341504K, used 255904K [0x00000000e0000000, 0x00000000ff800000, 0x0000000100000000)
  eden space 175104K, 100% used [0x00000000e0000000,0x00000000eab00000,0x00000000eab00000)
  from space 166400K, 48% used [0x00000000f5580000,0x00000000fa4682d8,0x00000000ff800000)
  to   space 170496K, 0% used [0x00000000eab00000,0x00000000eab00000,0x00000000f5180000)
 ParOldGen       total 411648K, used 232895K [0x00000000a0000000, 0x00000000b9200000, 0x00000000e0000000)
  object space 411648K, 56% used [0x00000000a0000000,0x00000000ae36fe60,0x00000000b9200000)
 Metaspace       used 73867K, capacity 76222K, committed 78848K, reserved 1118208K
  class space    used 9137K, capacity 9570K, committed 10240K, reserved 1048576K
Event: 8125.408 GC heap after
Heap after GC invocations=59 (full 8):
 PSYoungGen      total 345600K, used 22570K [0x00000000e0000000, 0x00000000ff980000, 0x0000000100000000)
  eden space 175104K, 0% used [0x00000000e0000000,0x00000000e0000000,0x00000000eab00000)
  from space 170496K, 13% used [0x00000000eab00000,0x00000000ec10a810,0x00000000f5180000)
  to   space 167424K, 0% used [0x00000000f5600000,0x00000000f5600000,0x00000000ff980000)
 ParOldGen       total 411648K, used 232895K [0x00000000a0000000, 0x00000000b9200000, 0x00000000e0000000)
  object space 411648K, 56% used [0x00000000a0000000,0x00000000ae36fe60,0x00000000b9200000)
 Metaspace       used 73867K, capacity 76222K, committed 78848K, reserved 1118208K
  class space    used 9137K, capacity 9570K, committed 10240K, reserved 1048576K
}

